0 info it worked if it ends with ok
1 verbose cli [ '/home/bitliner/.nvm/v0.10.36/bin/node',
1 verbose cli   '/home/bitliner/.nvm/v0.10.36/bin/npm',
1 verbose cli   'adduser' ]
2 info using npm@1.4.28
3 info using node@v0.10.36
4 verbose adduser before first PUT { name: 'bitliner',
4 verbose adduser   password: 'XXXXX',
4 verbose adduser   email: 'giovanni.gaglione@gmail.com',
4 verbose adduser   _id: 'org.couchdb.user:bitliner',
4 verbose adduser   type: 'user',
4 verbose adduser   roles: [],
4 verbose adduser   date: '2015-03-25T16:20:26.148Z' }
5 verbose request where is /-/user/org.couchdb.user:bitliner
6 verbose request registry https://registry.npmjs.org/
7 verbose request id 3815d58423c7e529
8 verbose url raw /-/user/org.couchdb.user:bitliner
9 verbose url resolving [ 'https://registry.npmjs.org/',
9 verbose url resolving   './-/user/org.couchdb.user:bitliner' ]
10 verbose url resolved https://registry.npmjs.org/-/user/org.couchdb.user:bitliner
11 verbose request where is https://registry.npmjs.org/-/user/org.couchdb.user:bitliner
12 info trying registry request attempt 1 at 17:20:26
13 http PUT https://registry.npmjs.org/-/user/org.couchdb.user:bitliner
14 http 409 https://registry.npmjs.org/-/user/org.couchdb.user:bitliner
15 verbose headers { date: 'Wed, 25 Mar 2015 16:20:31 GMT',
15 verbose headers   server: 'CouchDB/1.5.0 (Erlang OTP/R16B03)',
15 verbose headers   'content-type': 'application/json',
15 verbose headers   'cache-control': 'max-age=60',
15 verbose headers   'content-length': '58',
15 verbose headers   'accept-ranges': 'bytes',
15 verbose headers   via: '1.1 varnish',
15 verbose headers   'x-served-by': 'cache-ams4147-AMS',
15 verbose headers   'x-cache': 'MISS',
15 verbose headers   'x-cache-hits': '0',
15 verbose headers   'x-timer': 'S1427300431.210815,VS0,VE605',
15 verbose headers   'keep-alive': 'timeout=10, max=50',
15 verbose headers   connection: 'Keep-Alive' }
16 verbose adduser update existing user
17 verbose request where is /-/user/org.couchdb.user:bitliner?write=true
18 verbose request registry https://registry.npmjs.org/
19 verbose url raw /-/user/org.couchdb.user:bitliner?write=true
20 verbose url resolving [ 'https://registry.npmjs.org/',
20 verbose url resolving   './-/user/org.couchdb.user:bitliner?write=true' ]
21 verbose url resolved https://registry.npmjs.org/-/user/org.couchdb.user:bitliner?write=true
22 verbose request where is https://registry.npmjs.org/-/user/org.couchdb.user:bitliner?write=true
23 info trying registry request attempt 1 at 17:20:26
24 http GET https://registry.npmjs.org/-/user/org.couchdb.user:bitliner?write=true
25 http 200 https://registry.npmjs.org/-/user/org.couchdb.user:bitliner?write=true
26 verbose adduser userobj { name: 'bitliner',
26 verbose adduser   password: 'XXXXX',
26 verbose adduser   email: 'giovanni.gaglione@gmail.com',
26 verbose adduser   _id: 'org.couchdb.user:bitliner',
26 verbose adduser   type: 'user',
26 verbose adduser   roles: [],
26 verbose adduser   date: '2015-03-25T16:20:26.148Z' }
27 verbose request where is /-/user/org.couchdb.user:bitliner/-rev/2-6cd4df770a54f0cd58470ca8bfa49ae1
28 verbose request registry https://registry.npmjs.org/
29 verbose url raw /-/user/org.couchdb.user:bitliner/-rev/2-6cd4df770a54f0cd58470ca8bfa49ae1
30 verbose url resolving [ 'https://registry.npmjs.org/',
30 verbose url resolving   './-/user/org.couchdb.user:bitliner/-rev/2-6cd4df770a54f0cd58470ca8bfa49ae1' ]
31 verbose url resolved https://registry.npmjs.org/-/user/org.couchdb.user:bitliner/-rev/2-6cd4df770a54f0cd58470ca8bfa49ae1
32 verbose request where is https://registry.npmjs.org/-/user/org.couchdb.user:bitliner/-rev/2-6cd4df770a54f0cd58470ca8bfa49ae1
33 info trying registry request attempt 1 at 17:20:27
34 http PUT https://registry.npmjs.org/-/user/org.couchdb.user:bitliner/-rev/2-6cd4df770a54f0cd58470ca8bfa49ae1
35 http 401 https://registry.npmjs.org/-/user/org.couchdb.user:bitliner/-rev/2-6cd4df770a54f0cd58470ca8bfa49ae1
36 verbose headers { date: 'Wed, 25 Mar 2015 16:20:33 GMT',
36 verbose headers   server: 'CouchDB/1.5.0 (Erlang OTP/R16B03)',
36 verbose headers   'content-type': 'application/json',
36 verbose headers   'cache-control': 'max-age=60',
36 verbose headers   'content-length': '67',
36 verbose headers   'accept-ranges': 'bytes',
36 verbose headers   via: '1.1 varnish',
36 verbose headers   'x-served-by': 'cache-ams4122-AMS',
36 verbose headers   'x-cache': 'MISS',
36 verbose headers   'x-cache-hits': '0',
36 verbose headers   'x-timer': 'S1427300432.585469,VS0,VE606',
36 verbose headers   'keep-alive': 'timeout=10, max=50',
36 verbose headers   connection: 'Keep-Alive' }
37 verbose adduser back [ [Error: unauthorized Name or password is incorrect.: -/user/org.couchdb.user:bitliner/-rev/2-6cd4df770a54f0cd58470ca8bfa49ae1],
37 verbose adduser   { error: 'unauthorized',
37 verbose adduser     reason: 'Name or password is incorrect.' },
37 verbose adduser   '{"error":"unauthorized","reason":"Name or password is incorrect."}' ]
38 warn adduser Incorrect username or password
38 warn adduser You can reset your account by visiting:
38 warn adduser
38 warn adduser     https://npmjs.org/forgot
39 error Error: unauthorized Name or password is incorrect.: -/user/org.couchdb.user:bitliner/-rev/2-6cd4df770a54f0cd58470ca8bfa49ae1
39 error     at RegClient.<anonymous> (/home/bitliner/.nvm/v0.10.36/lib/node_modules/npm/node_modules/npm-registry-client/lib/request.js:308:14)
39 error     at Request._callback (/home/bitliner/.nvm/v0.10.36/lib/node_modules/npm/node_modules/npm-registry-client/lib/request.js:246:65)
39 error     at Request.self.callback (/home/bitliner/.nvm/v0.10.36/lib/node_modules/npm/node_modules/request/request.js:236:22)
39 error     at Request.emit (events.js:98:17)
39 error     at Request.<anonymous> (/home/bitliner/.nvm/v0.10.36/lib/node_modules/npm/node_modules/request/request.js:1142:14)
39 error     at Request.emit (events.js:117:20)
39 error     at IncomingMessage.<anonymous> (/home/bitliner/.nvm/v0.10.36/lib/node_modules/npm/node_modules/request/request.js:1096:12)
39 error     at IncomingMessage.emit (events.js:117:20)
39 error     at _stream_readable.js:944:16
39 error     at process._tickCallback (node.js:442:13)
40 error If you need help, you may report this *entire* log,
40 error including the npm and node versions, at:
40 error     <http://github.com/npm/npm/issues>
41 error System Linux 3.13.0-37-generic
42 error command "/home/bitliner/.nvm/v0.10.36/bin/node" "/home/bitliner/.nvm/v0.10.36/bin/npm" "adduser"
43 error cwd /home/bitliner/wonderflow/wonderboard/backend/google-translate-api-nodejs-client
44 error node -v v0.10.36
45 error npm -v 1.4.28
46 verbose exit [ 1, true ]
